# JRE version: OpenJDK Runtime Environment (8.0_152-b02) (build 1.8.0_152-release-1024-b02)
# Java VM: OpenJDK 64-Bit Server VM (25.152-b02 mixed mode windows-amd64 compressed oops)
Heap:
 PSYoungGen      total 242688K, used 116450K [0x00000000e0000000, 0x00000000f0380000, 0x0000000100000000)
  eden space 224768K, 44% used [0x00000000e0000000,0x00000000e60a4300,0x00000000edb80000)
  from space 17920K, 97% used [0x00000000ee380000,0x00000000ef4946e8,0x00000000ef500000)
  to   space 14848K, 0% used [0x00000000ef500000,0x00000000ef500000,0x00000000f0380000)
 ParOldGen       total 140800K, used 35068K [0x00000000a0000000, 0x00000000a8980000, 0x00000000e0000000)
  object space 140800K, 24% used [0x00000000a0000000,0x00000000a223f3c8,0x00000000a8980000)
 Metaspace       used 76713K, capacity 80640K, committed 80856K, reserved 1120256K
  class space    used 10128K, capacity 10911K, committed 11008K, reserved 1048576K
GC Heap History (10 events):
Event: 8.814 GC heap before
{Heap before GC invocations=12 (full 2):
 PSYoungGen      total 178176K, used 86474K [0x00000000e0000000, 0x00000000eec80000, 0x0000000100000000)
  eden space 163328K, 43% used [0x00000000e0000000,0x00000000e45f2ee0,0x00000000e9f80000)
  from space 14848K, 99% used [0x00000000e9f80000,0x00000000eadffc08,0x00000000eae00000)
  to   space 19968K, 0% used [0x00000000ed900000,0x00000000ed900000,0x00000000eec80000)
 ParOldGen       total 94720K, used 29285K [0x00000000a0000000, 0x00000000a5c80000, 0x00000000e0000000)
  object space 94720K, 30% used [0x00000000a0000000,0x00000000a1c99738,0x00000000a5c80000)
 Metaspace       used 56802K, capacity 58846K, committed 59028K, reserved 1099776K
  class space    used 7756K, capacity 8196K, committed 8320K, reserved 1048576K
Event: 8.826 GC heap after
Heap after GC invocations=12 (full 2):
 PSYoungGen      total 216064K, used 13066K [0x00000000e0000000, 0x00000000ee980000, 0x0000000100000000)
  eden space 199168K, 0% used [0x00000000e0000000,0x00000000e0000000,0x00000000ec280000)
  from space 16896K, 77% used [0x00000000ed900000,0x00000000ee5c2860,0x00000000ee980000)
  to   space 19968K, 0% used [0x00000000ec280000,0x00000000ec280000,0x00000000ed600000)
 ParOldGen       total 94720K, used 36115K [0x00000000a0000000, 0x00000000a5c80000, 0x00000000e0000000)
  object space 94720K, 38% used [0x00000000a0000000,0x00000000a2344e50,0x00000000a5c80000)
 Metaspace       used 56802K, capacity 58846K, committed 59028K, reserved 1099776K
  class space    used 7756K, capacity 8196K, committed 8320K, reserved 1048576K
}
Event: 8.826 GC heap before
{Heap before GC invocations=13 (full 3):
 PSYoungGen      total 216064K, used 13066K [0x00000000e0000000, 0x00000000ee980000, 0x0000000100000000)
  eden space 199168K, 0% used [0x00000000e0000000,0x00000000e0000000,0x00000000ec280000)
  from space 16896K, 77% used [0x00000000ed900000,0x00000000ee5c2860,0x00000000ee980000)
  to   space 19968K, 0% used [0x00000000ec280000,0x00000000ec280000,0x00000000ed600000)
 ParOldGen       total 94720K, used 36115K [0x00000000a0000000, 0x00000000a5c80000, 0x00000000e0000000)
  object space 94720K, 38% used [0x00000000a0000000,0x00000000a2344e50,0x00000000a5c80000)
 Metaspace       used 56802K, capacity 58846K, committed 59028K, reserved 1099776K
  class space    used 7756K, capacity 8196K, committed 8320K, reserved 1048576K
Event: 8.949 GC heap after
Heap after GC invocations=13 (full 3):
 PSYoungGen      total 216064K, used 0K [0x00000000e0000000, 0x00000000ee980000, 0x0000000100000000)
  eden space 199168K, 0% used [0x00000000e0000000,0x00000000e0000000,0x00000000ec280000)
  from space 16896K, 0% used [0x00000000ed900000,0x00000000ed900000,0x00000000ee980000)
  to   space 19968K, 0% used [0x00000000ec280000,0x00000000ec280000,0x00000000ed600000)
 ParOldGen       total 140800K, used 35044K [0x00000000a0000000, 0x00000000a8980000, 0x00000000e0000000)
  object space 140800K, 24% used [0x00000000a0000000,0x00000000a22393c8,0x00000000a8980000)
 Metaspace       used 56649K, capacity 58452K, committed 59028K, reserved 1099776K
  class space    used 7702K, capacity 8099K, committed 8320K, reserved 1048576K
}
Event: 10.087 GC heap before
{Heap before GC invocations=14 (full 3):
 PSYoungGen      total 216064K, used 199168K [0x00000000e0000000, 0x00000000ee980000, 0x0000000100000000)
  eden space 199168K, 100% used [0x00000000e0000000,0x00000000ec280000,0x00000000ec280000)
  from space 16896K, 0% used [0x00000000ed900000,0x00000000ed900000,0x00000000ee980000)
  to   space 19968K, 0% used [0x00000000ec280000,0x00000000ec280000,0x00000000ed600000)
 ParOldGen       total 140800K, used 35044K [0x00000000a0000000, 0x00000000a8980000, 0x00000000e0000000)
  object space 140800K, 24% used [0x00000000a0000000,0x00000000a22393c8,0x00000000a8980000)
 Metaspace       used 63420K, capacity 66490K, committed 66648K, reserved 1105920K
  class space    used 8636K, capacity 9240K, committed 9344K, reserved 1048576K
Event: 10.096 GC heap after
Heap after GC invocations=14 (full 3):
 PSYoungGen      total 219136K, used 10137K [0x00000000e0000000, 0x00000000f0d80000, 0x0000000100000000)
  eden space 199168K, 0% used [0x00000000e0000000,0x00000000e0000000,0x00000000ec280000)
  from space 19968K, 50% used [0x00000000ec280000,0x00000000ecc667f0,0x00000000ed600000)
  to   space 18944K, 0% used [0x00000000efb00000,0x00000000efb00000,0x00000000f0d80000)
 ParOldGen       total 140800K, used 35052K [0x00000000a0000000, 0x00000000a8980000, 0x00000000e0000000)
  object space 140800K, 24% used [0x00000000a0000000,0x00000000a223b3c8,0x00000000a8980000)
 Metaspace       used 63420K, capacity 66490K, committed 66648K, reserved 1105920K
  class space    used 8636K, capacity 9240K, committed 9344K, reserved 1048576K
}
Event: 12.839 GC heap before
{Heap before GC invocations=15 (full 3):
 PSYoungGen      total 219136K, used 209305K [0x00000000e0000000, 0x00000000f0d80000, 0x0000000100000000)
  eden space 199168K, 100% used [0x00000000e0000000,0x00000000ec280000,0x00000000ec280000)
  from space 19968K, 50% used [0x00000000ec280000,0x00000000ecc667f0,0x00000000ed600000)
  to   space 18944K, 0% used [0x00000000efb00000,0x00000000efb00000,0x00000000f0d80000)
 ParOldGen       total 140800K, used 35052K [0x00000000a0000000, 0x00000000a8980000, 0x00000000e0000000)
  object space 140800K, 24% used [0x00000000a0000000,0x00000000a223b3c8,0x00000000a8980000)
 Metaspace       used 68187K, capacity 71596K, committed 71896K, reserved 1112064K
  class space    used 9256K, capacity 9937K, committed 9984K, reserved 1048576K
Event: 12.846 GC heap after
Heap after GC invocations=15 (full 3):
 PSYoungGen      total 245760K, used 8093K [0x00000000e0000000, 0x00000000f0780000, 0x0000000100000000)
  eden space 232960K, 0% used [0x00000000e0000000,0x00000000e0000000,0x00000000ee380000)
  from space 12800K, 63% used [0x00000000efb00000,0x00000000f02e76a0,0x00000000f0780000)
  to   space 18432K, 0% used [0x00000000ee380000,0x00000000ee380000,0x00000000ef580000)
 ParOldGen       total 140800K, used 35060K [0x00000000a0000000, 0x00000000a8980000, 0x00000000e0000000)
  object space 140800K, 24% used [0x00000000a0000000,0x00000000a223d3c8,0x00000000a8980000)
 Metaspace       used 68187K, capacity 71596K, committed 71896K, reserved 1112064K
  class space    used 9256K, capacity 9937K, committed 9984K, reserved 1048576K
}
Event: 255.912 GC heap before
{Heap before GC invocations=16 (full 3):
 PSYoungGen      total 245760K, used 241053K [0x00000000e0000000, 0x00000000f0780000, 0x0000000100000000)
  eden space 232960K, 100% used [0x00000000e0000000,0x00000000ee380000,0x00000000ee380000)
  from space 12800K, 63% used [0x00000000efb00000,0x00000000f02e76a0,0x00000000f0780000)
  to   space 18432K, 0% used [0x00000000ee380000,0x00000000ee380000,0x00000000ef580000)
 ParOldGen       total 140800K, used 35060K [0x00000000a0000000, 0x00000000a8980000, 0x00000000e0000000)
  object space 140800K, 24% used [0x00000000a0000000,0x00000000a223d3c8,0x00000000a8980000)
 Metaspace       used 76059K, capacity 79874K, committed 79960K, reserved 1118208K
  class space    used 10109K, capacity 10880K, committed 10880K, reserved 1048576K
Event: 255.930 GC heap after
Heap after GC invocations=16 (full 3):
 PSYoungGen      total 242688K, used 17489K [0x00000000e0000000, 0x00000000f0380000, 0x0000000100000000)
  eden space 224768K, 0% used [0x00000000e0000000,0x00000000e0000000,0x00000000edb80000)
  from space 17920K, 97% used [0x00000000ee380000,0x00000000ef4946e8,0x00000000ef500000)
  to   space 14848K, 0% used [0x00000000ef500000,0x00000000ef500000,0x00000000f0380000)
 ParOldGen       total 140800K, used 35068K [0x00000000a0000000, 0x00000000a8980000, 0x00000000e0000000)
  object space 140800K, 24% used [0x00000000a0000000,0x00000000a223f3c8,0x00000000a8980000)
 Metaspace       used 76059K, capacity 79874K, committed 79960K, reserved 1118208K
  class space    used 10109K, capacity 10880K, committed 10880K, reserved 1048576K
}

