# JRE version: OpenJDK Runtime Environment (8.0_152-b02) (build 1.8.0_152-release-1024-b02)
# Java VM: OpenJDK 64-Bit Server VM (25.152-b02 mixed mode windows-amd64 compressed oops)
Heap:
 PSYoungGen      total 219136K, used 43092K [0x00000000e0000000, 0x00000000f0780000, 0x0000000100000000)
  eden space 198144K, 14% used [0x00000000e0000000,0x00000000e1c18a78,0x00000000ec180000)
  from space 20992K, 68% used [0x00000000ec180000,0x00000000ecf7c7a8,0x00000000ed600000)
  to   space 20480K, 0% used [0x00000000ed600000,0x00000000ed600000,0x00000000eea00000)
 ParOldGen       total 125440K, used 40726K [0x00000000a0000000, 0x00000000a7a80000, 0x00000000e0000000)
  object space 125440K, 32% used [0x00000000a0000000,0x00000000a27c5b40,0x00000000a7a80000)
 Metaspace       used 72315K, capacity 76208K, committed 76504K, reserved 1116160K
  class space    used 9683K, capacity 10393K, committed 10496K, reserved 1048576K
GC Heap History (10 events):
Event: 369.242 GC heap before
{Heap before GC invocations=16 (full 2):
 PSYoungGen      total 123904K, used 83861K [0x00000000e0000000, 0x00000000ec300000, 0x0000000100000000)
  eden space 108544K, 63% used [0x00000000e0000000,0x00000000e42e8d60,0x00000000e6a00000)
  from space 15360K, 99% used [0x00000000e6a00000,0x00000000e78fc918,0x00000000e7900000)
  to   space 21504K, 0% used [0x00000000eae00000,0x00000000eae00000,0x00000000ec300000)
 ParOldGen       total 82944K, used 31955K [0x00000000a0000000, 0x00000000a5100000, 0x00000000e0000000)
  object space 82944K, 38% used [0x00000000a0000000,0x00000000a1f34d98,0x00000000a5100000)
 Metaspace       used 57217K, capacity 58936K, committed 59028K, reserved 1099776K
  class space    used 7743K, capacity 8163K, committed 8192K, reserved 1048576K
Event: 369.254 GC heap after
Heap after GC invocations=16 (full 2):
 PSYoungGen      total 171008K, used 5059K [0x00000000e0000000, 0x00000000ebf80000, 0x0000000100000000)
  eden space 153088K, 0% used [0x00000000e0000000,0x00000000e0000000,0x00000000e9580000)
  from space 17920K, 28% used [0x00000000eae00000,0x00000000eb2f0e50,0x00000000ebf80000)
  to   space 21504K, 0% used [0x00000000e9580000,0x00000000e9580000,0x00000000eaa80000)
 ParOldGen       total 82944K, used 44495K [0x00000000a0000000, 0x00000000a5100000, 0x00000000e0000000)
  object space 82944K, 53% used [0x00000000a0000000,0x00000000a2b73f58,0x00000000a5100000)
 Metaspace       used 57217K, capacity 58936K, committed 59028K, reserved 1099776K
  class space    used 7743K, capacity 8163K, committed 8192K, reserved 1048576K
}
Event: 369.254 GC heap before
{Heap before GC invocations=17 (full 3):
 PSYoungGen      total 171008K, used 5059K [0x00000000e0000000, 0x00000000ebf80000, 0x0000000100000000)
  eden space 153088K, 0% used [0x00000000e0000000,0x00000000e0000000,0x00000000e9580000)
  from space 17920K, 28% used [0x00000000eae00000,0x00000000eb2f0e50,0x00000000ebf80000)
  to   space 21504K, 0% used [0x00000000e9580000,0x00000000e9580000,0x00000000eaa80000)
 ParOldGen       total 82944K, used 44495K [0x00000000a0000000, 0x00000000a5100000, 0x00000000e0000000)
  object space 82944K, 53% used [0x00000000a0000000,0x00000000a2b73f58,0x00000000a5100000)
 Metaspace       used 57217K, capacity 58936K, committed 59028K, reserved 1099776K
  class space    used 7743K, capacity 8163K, committed 8192K, reserved 1048576K
Event: 369.430 GC heap after
Heap after GC invocations=17 (full 3):
 PSYoungGen      total 171008K, used 0K [0x00000000e0000000, 0x00000000ebf80000, 0x0000000100000000)
  eden space 153088K, 0% used [0x00000000e0000000,0x00000000e0000000,0x00000000e9580000)
  from space 17920K, 0% used [0x00000000eae00000,0x00000000eae00000,0x00000000ebf80000)
  to   space 21504K, 0% used [0x00000000e9580000,0x00000000e9580000,0x00000000eaa80000)
 ParOldGen       total 125440K, used 34220K [0x00000000a0000000, 0x00000000a7a80000, 0x00000000e0000000)
  object space 125440K, 27% used [0x00000000a0000000,0x00000000a216b1f8,0x00000000a7a80000)
 Metaspace       used 57217K, capacity 58936K, committed 59028K, reserved 1099776K
  class space    used 7743K, capacity 8163K, committed 8192K, reserved 1048576K
}
Event: 372.241 GC heap before
{Heap before GC invocations=18 (full 3):
 PSYoungGen      total 171008K, used 152626K [0x00000000e0000000, 0x00000000ebf80000, 0x0000000100000000)
  eden space 153088K, 99% used [0x00000000e0000000,0x00000000e950ca30,0x00000000e9580000)
  from space 17920K, 0% used [0x00000000eae00000,0x00000000eae00000,0x00000000ebf80000)
  to   space 21504K, 0% used [0x00000000e9580000,0x00000000e9580000,0x00000000eaa80000)
 ParOldGen       total 125440K, used 34220K [0x00000000a0000000, 0x00000000a7a80000, 0x00000000e0000000)
  object space 125440K, 27% used [0x00000000a0000000,0x00000000a216b1f8,0x00000000a7a80000)
 Metaspace       used 63225K, capacity 65160K, committed 65496K, reserved 1105920K
  class space    used 8413K, capacity 8851K, committed 8960K, reserved 1048576K
Event: 372.248 GC heap after
Heap after GC invocations=18 (full 3):
 PSYoungGen      total 174592K, used 8178K [0x00000000e0000000, 0x00000000eea00000, 0x0000000100000000)
  eden space 153088K, 0% used [0x00000000e0000000,0x00000000e0000000,0x00000000e9580000)
  from space 21504K, 38% used [0x00000000e9580000,0x00000000e9d7c8c8,0x00000000eaa80000)
  to   space 20480K, 0% used [0x00000000ed600000,0x00000000ed600000,0x00000000eea00000)
 ParOldGen       total 125440K, used 34228K [0x00000000a0000000, 0x00000000a7a80000, 0x00000000e0000000)
  object space 125440K, 27% used [0x00000000a0000000,0x00000000a216d1f8,0x00000000a7a80000)
 Metaspace       used 63225K, capacity 65160K, committed 65496K, reserved 1105920K
  class space    used 8413K, capacity 8851K, committed 8960K, reserved 1048576K
}
Event: 372.279 GC heap before
{Heap before GC invocations=19 (full 3):
 PSYoungGen      total 174592K, used 160481K [0x00000000e0000000, 0x00000000eea00000, 0x0000000100000000)
  eden space 153088K, 99% used [0x00000000e0000000,0x00000000e94bbdc8,0x00000000e9580000)
  from space 21504K, 38% used [0x00000000e9580000,0x00000000e9d7c8c8,0x00000000eaa80000)
  to   space 20480K, 0% used [0x00000000ed600000,0x00000000ed600000,0x00000000eea00000)
 ParOldGen       total 125440K, used 34228K [0x00000000a0000000, 0x00000000a7a80000, 0x00000000e0000000)
  object space 125440K, 27% used [0x00000000a0000000,0x00000000a216d1f8,0x00000000a7a80000)
 Metaspace       used 63231K, capacity 65160K, committed 65496K, reserved 1105920K
  class space    used 8413K, capacity 8851K, committed 8960K, reserved 1048576K
Event: 372.283 GC heap after
Heap after GC invocations=19 (full 3):
 PSYoungGen      total 218624K, used 96K [0x00000000e0000000, 0x00000000f0780000, 0x0000000100000000)
  eden space 198144K, 0% used [0x00000000e0000000,0x00000000e0000000,0x00000000ec180000)
  from space 20480K, 0% used [0x00000000ed600000,0x00000000ed618000,0x00000000eea00000)
  to   space 20992K, 0% used [0x00000000ec180000,0x00000000ec180000,0x00000000ed600000)
 ParOldGen       total 125440K, used 40670K [0x00000000a0000000, 0x00000000a7a80000, 0x00000000e0000000)
  object space 125440K, 32% used [0x00000000a0000000,0x00000000a27b7b40,0x00000000a7a80000)
 Metaspace       used 63231K, capacity 65160K, committed 65496K, reserved 1105920K
  class space    used 8413K, capacity 8851K, committed 8960K, reserved 1048576K
}
Event: 376.914 GC heap before
{Heap before GC invocations=20 (full 3):
 PSYoungGen      total 218624K, used 198240K [0x00000000e0000000, 0x00000000f0780000, 0x0000000100000000)
  eden space 198144K, 100% used [0x00000000e0000000,0x00000000ec180000,0x00000000ec180000)
  from space 20480K, 0% used [0x00000000ed600000,0x00000000ed618000,0x00000000eea00000)
  to   space 20992K, 0% used [0x00000000ec180000,0x00000000ec180000,0x00000000ed600000)
 ParOldGen       total 125440K, used 40670K [0x00000000a0000000, 0x00000000a7a80000, 0x00000000e0000000)
  object space 125440K, 32% used [0x00000000a0000000,0x00000000a27b7b40,0x00000000a7a80000)
 Metaspace       used 72183K, capacity 76008K, committed 76248K, reserved 1116160K
  class space    used 9678K, capacity 10389K, committed 10496K, reserved 1048576K
Event: 376.927 GC heap after
Heap after GC invocations=20 (full 3):
 PSYoungGen      total 219136K, used 14321K [0x00000000e0000000, 0x00000000f0780000, 0x0000000100000000)
  eden space 198144K, 0% used [0x00000000e0000000,0x00000000e0000000,0x00000000ec180000)
  from space 20992K, 68% used [0x00000000ec180000,0x00000000ecf7c7a8,0x00000000ed600000)
  to   space 20480K, 0% used [0x00000000ed600000,0x00000000ed600000,0x00000000eea00000)
 ParOldGen       total 125440K, used 40726K [0x00000000a0000000, 0x00000000a7a80000, 0x00000000e0000000)
  object space 125440K, 32% used [0x00000000a0000000,0x00000000a27c5b40,0x00000000a7a80000)
 Metaspace       used 72183K, capacity 76008K, committed 76248K, reserved 1116160K
  class space    used 9678K, capacity 10389K, committed 10496K, reserved 1048576K
}

